<?xml version="1.0" encoding="UTF-8"?>
<testsuite name="com.vjammi.graphql.controller.BookControllerTest" tests="1" skipped="0" failures="0" errors="0" timestamp="2024-09-03T05:00:44" hostname="THINKPADX1" time="0.809">
  <properties/>
  <testcase name="should return all books()" classname="com.vjammi.graphql.controller.BookControllerTest" time="0.809"/>
  <system-out><![CDATA[22:00:43.564 [Test worker] INFO org.springframework.test.context.support.AnnotationConfigContextLoaderUtils -- Could not detect default configuration classes for test class [com.vjammi.graphql.controller.BookControllerTest]: BookControllerTest does not declare any static, non-private, non-final, nested classes annotated with @Configuration.
22:00:43.657 [Test worker] INFO org.springframework.boot.test.context.SpringBootTestContextBootstrapper -- Found @SpringBootConfiguration com.vjammi.SpringKotlinGraphqlApplication for test class com.vjammi.graphql.controller.BookControllerTest

  .   ____          _            __ _ _
 /\\ / ___'_ __ _ _(_)_ __  __ _ \ \ \ \
( ( )\___ | '_ | '_| | '_ \/ _` | \ \ \ \
 \\/  ___)| |_)| | | | | || (_| |  ) ) ) )
  '  |____| .__|_| |_|_| |_\__, | / / / /
 =========|_|==============|___/=/_/_/_/
 :: Spring Boot ::                (v3.1.2)

2024-09-02T22:00:43.943-07:00  INFO 31344 --- [    Test worker] c.v.g.controller.BookControllerTest      : Starting BookControllerTest using Java 17.0.7 with PID 31344 (started by vijay in C:\ds\workspace\kotlin\spring-kotlin-graphql-book)
2024-09-02T22:00:43.945-07:00  INFO 31344 --- [    Test worker] c.v.g.controller.BookControllerTest      : No active profile set, falling back to 1 default profile: "default"
2024-09-02T22:00:44.709-07:00  INFO 31344 --- [    Test worker] efaultSchemaResourceGraphQlSourceBuilder : Loaded 1 resource(s) in the GraphQL schema.
2024-09-02T22:00:44.907-07:00  INFO 31344 --- [    Test worker] c.v.g.controller.BookControllerTest      : Started BookControllerTest in 1.187 seconds (process running for 2.082)
Book(id=40e55a48-30d1-4055-9736-2deaf83c229f, title=Algorithms in Kotlin, description=Algorithms by Author 1)]]></system-out>
  <system-err><![CDATA[]]></system-err>
</testsuite>
